npm warn using --force Recommended protections disabled.

> rest-express@1.0.0 dev:server
> tsx server/index.ts


node:internal/modules/run_main:107
    triggerUncaughtException(
    ^
Error: Transform failed with 1 error:
/Users/bilal/Programaçao/MariaIntelligence-1/node_modules/pdf-parse/index.js:24:4: ERROR: Unexpected "}"
    at failureErrorWithLog (/Users/bilal/Programaçao/MariaIntelligence-1/node_modules/esbuild/lib/main.js:1467:15)
    at /Users/bilal/Programaçao/MariaIntelligence-1/node_modules/esbuild/lib/main.js:736:50
    at responseCallbacks.<computed> (/Users/bilal/Programaçao/MariaIntelligence-1/node_modules/esbuild/lib/main.js:603:9)
    at handleIncomingPacket (/Users/bilal/Programaçao/MariaIntelligence-1/node_modules/esbuild/lib/main.js:658:12)
    at Socket.readFromStdout (/Users/bilal/Programaçao/MariaIntelligence-1/node_modules/esbuild/lib/main.js:581:7)
    at Socket.emit (node:events:508:28)
    at addChunk (node:internal/streams/readable:559:12)
    at readableAddChunkPushByteMode (node:internal/streams/readable:510:3)
    at Readable.push (node:internal/streams/readable:390:5)
    at Pipe.onStreamRead (node:internal/stream_base_commons:189:23) {
  name: 'TransformError'
}

Node.js v24.6.0
